<?xml version="1.0" encoding="UTF-8"?>
<!--
  ~ Copyright 2007 EDL FOUNDATION
  ~
  ~ Licensed under the EUPL, Version 1.1 orÂ– as soon they
  ~ will be approved by the European Commission - subsequent
  ~ versions of the EUPL (the "Licence");
  ~ you may not use this work except in compliance with the
  ~ Licence.
  ~ You may obtain a copy of the Licence at:
  ~
  ~ http://ec.europa.eu/idabc/eupl
  ~
  ~ Unless required by applicable law or agreed to in
  ~ writing, software distributed under the Licence is
  ~ distributed on an "AS IS" BASIS,
  ~ WITHOUT WARRANTIES OR CONDITIONS OF ANY KIND, either
  ~ express or implied.
  ~ See the Licence for the specific language governing
  ~ permissions and limitations under the Licence.
  -->

<beans
        xmlns="http://www.springframework.org/schema/beans"
        xmlns:xsi="http://www.w3.org/2001/XMLSchema-instance"
        xsi:schemaLocation="http://www.springframework.org/schema/beans http://www.springframework.org/schema/beans/spring-beans-2.5.xsd">

    <bean id="dataSource" class="org.springframework.jdbc.datasource.SingleConnectionDataSource">
        <property name="driverClassName" value="org.hsqldb.jdbcDriver"/>
        <property name="url" value="jdbc:hsqldb:file:/tmp/hsql-for-unit-test"/>
        <property name="username" value="sa"/>
        <property name="password" value=""/>
        <property name="suppressClose" value="true"/>
    </bean>
</beans>
