<?xml version="1.0" encoding="UTF-8"?>
<beans
        xmlns="http://www.springframework.org/schema/beans"
        xmlns:xsi="http://www.w3.org/2001/XMLSchema-instance"
        xmlns:context="http://www.springframework.org/schema/context"
        xmlns:tx="http://www.springframework.org/schema/tx"
        xsi:schemaLocation=
                "http://www.springframework.org/schema/beans http://www.springframework.org/schema/beans/spring-beans-2.5.xsd
                http://www.springframework.org/schema/context http://www.springframework.org/schema/context/spring-context-2.5.xsd
                http://www.springframework.org/schema/tx http://www.springframework.org/schema/tx/spring-tx-2.5.xsd"
        >

    <context:annotation-config/>

    <bean id="mongo" class="com.mongodb.Mongo"/>

    <bean id="staticRepo" class="eu.delving.web.controller.StaticRepo"/>

    <bean id="messageSource" class="eu.delving.core.util.MessageSourceRepo">
        <property name="parentMessageSource">
            <bean class="org.springframework.context.support.ReloadableResourceBundleMessageSource">
                <property name="useCodeAsDefaultMessage" value="true"/>
                <property name="basename" value="classpath:/i18n/messages"/>
                <property name="fileEncodings" value="UTF-8"/>
                <property name="defaultEncoding" value="UTF-8"/>
            </bean>
        </property>
    </bean>

</beans>
