<?xml version="1.0" encoding="UTF-8"?>
<!--
  ~ Copyright 2010 DELVING BV
  ~
  ~ Licensed under the EUPL, Version 1.1 or as soon they
  ~ will be approved by the European Commission - subsequent
  ~ versions of the EUPL (the "Licence");
  ~ you may not use this work except in compliance with the
  ~ Licence.
  ~ You may obtain a copy of the Licence at:
  ~
  ~ http://ec.europa.eu/idabc/eupl
  ~
  ~ Unless required by applicable law or agreed to in
  ~ writing, software distributed under the Licence is
  ~ distributed on an "AS IS" BASIS,
  ~ WITHOUT WARRANTIES OR CONDITIONS OF ANY KIND, either
  ~ express or implied.
  ~ See the Licence for the specific language governing
  ~ permissions and limitations under the Licence.
  -->

<beans
        xmlns="http://www.springframework.org/schema/beans"
        xmlns:xsi="http://www.w3.org/2001/XMLSchema-instance"
        xmlns:context="http://www.springframework.org/schema/context"
        xmlns:tx="http://www.springframework.org/schema/tx"
        xsi:schemaLocation=
                "http://www.springframework.org/schema/beans http://www.springframework.org/schema/beans/spring-beans-2.5.xsd
                http://www.springframework.org/schema/context http://www.springframework.org/schema/context/spring-context-2.5.xsd
                http://www.springframework.org/schema/tx http://www.springframework.org/schema/tx/spring-tx-2.5.xsd"
        >

    <context:annotation-config/>

    <bean id="staticRepo" class="eu.delving.core.storage.impl.StaticRepoImpl"/>

    <bean id="messageSource" class="eu.delving.core.util.MessageSourceRepo">
        <property name="parentMessageSource">
            <bean class="org.springframework.context.support.ReloadableResourceBundleMessageSource">
                <property name="useCodeAsDefaultMessage" value="true"/>
                <property name="basename" value="classpath:/i18n/messages"/>
                <property name="fileEncodings" value="UTF-8"/>
                <property name="defaultEncoding" value="UTF-8"/>
            </bean>
        </property>
    </bean>

</beans>
