<?xml version="1.0" encoding="UTF-8"?>
<!--
  ~ Copyright 2007 EDL FOUNDATION
  ~
  ~ Licensed under the EUPL, Version 1.1 orÂ– as soon they
  ~ will be approved by the European Commission - subsequent
  ~ versions of the EUPL (the "Licence");
  ~ you may not use this work except in compliance with the
  ~ Licence.
  ~ You may obtain a copy of the Licence at:
  ~
  ~ http://ec.europa.eu/idabc/eupl
  ~
  ~ Unless required by applicable law or agreed to in
  ~ writing, software distributed under the Licence is
  ~ distributed on an "AS IS" BASIS,
  ~ WITHOUT WARRANTIES OR CONDITIONS OF ANY KIND, either
  ~ express or implied.
  ~ See the Licence for the specific language governing
  ~ permissions and limitations under the Licence.
  -->

<beans
        xmlns="http://www.springframework.org/schema/beans"
        xmlns:xsi="http://www.w3.org/2001/XMLSchema-instance"
        xmlns:context="http://www.springframework.org/schema/context"
        xmlns:tx="http://www.springframework.org/schema/tx"
        xsi:schemaLocation=
                "http://www.springframework.org/schema/beans http://www.springframework.org/schema/beans/spring-beans-2.5.xsd
                http://www.springframework.org/schema/context http://www.springframework.org/schema/context/spring-context-2.5.xsd
                http://www.springframework.org/schema/tx http://www.springframework.org/schema/tx/spring-tx-2.5.xsd"
        >

    <bean class="org.springframework.beans.factory.config.PropertyPlaceholderConfigurer">
        <property name="locations">
            <list>
                <value>classpath:europeana.properties</value>
                <value>file:${europeana.config}</value>
                <value>file:europeana.properties</value>
            </list>
        </property>
        <property name="ignoreResourceNotFound" value="true"/>
        <property name="systemPropertiesModeName" value="SYSTEM_PROPERTIES_MODE_OVERRIDE"/>
    </bean>


    <!-- data source -->

    <bean id="dataSource" class="com.mchange.v2.c3p0.ComboPooledDataSource">
        <property name="driverClass" value="${db.driverClass}"/>
        <property name="jdbcUrl"     value="${db.jdbcUrl}"/>
        <property name="user"        value="${db.user}"/>
        <property name="password"    value="${db.password}"/>
    </bean>


</beans>
